
--------------------------
W	0105
	IC=0
Additional words: 0
Word: 0000000000
Error: Unknown operation - W	0105
.

--------------------------
W	0119
	IC=0
Additional words: 0
Word: 0000000000
Error: Unknown operation - W	0119
.

--------------------------
L3	0121
	IC=0
Additional words: 0
Word: 0000000000
Error: Unknown operation - L3	0121
.
Data count: 0
Instruction count: 0
~~~~~~~ Symbols: ~~~~~~~

~~~~~~~ Instruction Table: ~~~~~~~

~~~~~~~ Data Array: ~~~~~~~
~~~~~~~~ SECOND SCAN! ~~~~~~~~

------------------------
W	0105

independant operation, adding words...

------------------------
W	0119

independant operation, adding words...

------------------------
L3	0121

independant operation, adding words...
Data count: 0
Instruction count: 0
~~~~~~~ Symbols: ~~~~~~~

~~~~~~~ Instruction Table: ~~~~~~~

~~~~~~~ Data Array: ~~~~~~~
